<?xml version="1.0" encoding="UTF-8"?>
<testng-results ignored="0" total="7" passed="6" failed="1" skipped="0">
  <reporter-output>
  </reporter-output>
  <suite started-at="2024-04-10T11:30:58 IST" name="Default suite" finished-at="2024-04-10T11:32:02 IST" duration-ms="63829">
    <groups>
      <group name="TC_Env1WeekreportT_008">
        <method signature="TC_Env1WeekreportT_008.selectenvBusStandsite()[pri:26, instance:Com.SmartCity.testcases.TC_Env1WeekreportT_008@353352b6]" name="selectenvBusStandsite" class="Com.SmartCity.testcases.TC_Env1WeekreportT_008"/>
        <method signature="TC_Env1WeekreportT_008.BusStandsite1Wreport()[pri:27, instance:Com.SmartCity.testcases.TC_Env1WeekreportT_008@353352b6]" name="BusStandsite1Wreport" class="Com.SmartCity.testcases.TC_Env1WeekreportT_008"/>
        <method signature="TC_Env1WeekreportT_008.selectenvCollectorOfficesite()[pri:28, instance:Com.SmartCity.testcases.TC_Env1WeekreportT_008@353352b6]" name="selectenvCollectorOfficesite" class="Com.SmartCity.testcases.TC_Env1WeekreportT_008"/>
        <method signature="TC_Env1WeekreportT_008.CollectorOfficesitesite1Wreport()[pri:29, instance:Com.SmartCity.testcases.TC_Env1WeekreportT_008@353352b6]" name="CollectorOfficesitesite1Wreport" class="Com.SmartCity.testcases.TC_Env1WeekreportT_008"/>
      </group> <!-- TC_Env1WeekreportT_008 -->
      <group name="TC_LoginTest_001">
        <method signature="TC_LoginTest_001.login()[pri:1, instance:Com.SmartCity.testcases.TC_Env1WeekreportT_008@353352b6]" name="login" class="Com.SmartCity.testcases.TC_LoginTest_001"/>
      </group> <!-- TC_LoginTest_001 -->
      <group name="base">
        <method signature="Basetest.logout()[pri:0, instance:Com.SmartCity.testcases.TC_Env1WeekreportT_008@353352b6]" name="logout" class="Com.SmartCity.testcases.Basetest"/>
        <method signature="Basetest.setup(java.lang.String)[pri:0, instance:Com.SmartCity.testcases.TC_Env1WeekreportT_008@353352b6]" name="setup" class="Com.SmartCity.testcases.Basetest"/>
      </group> <!-- base -->
    </groups>
    <test started-at="2024-04-10T11:30:58 IST" name="Default test" finished-at="2024-04-10T11:32:02 IST" duration-ms="63829">
      <class name="Com.SmartCity.testcases.TC_Env1WeekreportT_008">
        <test-method is-config="true" signature="setup(java.lang.String)[pri:0, instance:Com.SmartCity.testcases.TC_Env1WeekreportT_008@353352b6]" started-at="2024-04-10T11:30:58 IST" name="setup" finished-at="2024-04-10T11:30:59 IST" duration-ms="997" status="PASS">
          <params>
            <param index="0">
              <value>
                <![CDATA[chrome]]>
              </value>
            </param>
          </params>
          <reporter-output>
          </reporter-output>
        </test-method> <!-- setup -->
        <test-method signature="logout()[pri:0, instance:Com.SmartCity.testcases.TC_Env1WeekreportT_008@353352b6]" started-at="2024-04-10T11:30:59 IST" name="logout" finished-at="2024-04-10T11:31:04 IST" duration-ms="5069" status="FAIL">
          <exception class="org.openqa.selenium.NoSuchElementException">
            <message>
              <![CDATA[no such element: Unable to locate element: {"method":"xpath","selector":"/html/body/div[1]/div/div/header/div/a"}
  (Session info: chrome=121.0.6167.85)
For documentation on this error, please visit: https://www.selenium.dev/documentation/webdriver/troubleshooting/errors#no-such-element-exception
Build info: version: '4.17.0', revision: 'e52b1be057*'
System info: os.name: 'Linux', os.arch: 'amd64', os.version: '6.5.0-26-generic', java.version: '21.0.1'
Driver info: org.openqa.selenium.chrome.ChromeDriver
Command: [213860c6e0e7c6005007230cf81c5f94, findElement {using=xpath, value=/html/body/div[1]/div/div/header/div/a}]
Capabilities {acceptInsecureCerts: false, browserName: chrome, browserVersion: 121.0.6167.85, chrome: {chromedriverVersion: 121.0.6167.85 (3f98d690ad7e..., userDataDir: /tmp/.org.chromium.Chromium...}, fedcm:accounts: true, goog:chromeOptions: {debuggerAddress: localhost:40071}, networkConnectionEnabled: false, pageLoadStrategy: normal, platformName: linux, proxy: Proxy(), se:cdp: ws://localhost:40071/devtoo..., se:cdpVersion: 121.0.6167.85, setWindowRect: true, strictFileInteractability: false, timeouts: {implicit: 0, pageLoad: 300000, script: 30000}, unhandledPromptBehavior: dismiss and notify, webauthn:extension:credBlob: true, webauthn:extension:largeBlob: true, webauthn:extension:minPinLength: true, webauthn:extension:prf: true, webauthn:virtualAuthenticators: true}
Session ID: 213860c6e0e7c6005007230cf81c5f94]]>
            </message>
            <full-stacktrace>
              <![CDATA[org.openqa.selenium.NoSuchElementException: no such element: Unable to locate element: {"method":"xpath","selector":"/html/body/div[1]/div/div/header/div/a"}
  (Session info: chrome=121.0.6167.85)
For documentation on this error, please visit: https://www.selenium.dev/documentation/webdriver/troubleshooting/errors#no-such-element-exception
Build info: version: '4.17.0', revision: 'e52b1be057*'
System info: os.name: 'Linux', os.arch: 'amd64', os.version: '6.5.0-26-generic', java.version: '21.0.1'
Driver info: org.openqa.selenium.chrome.ChromeDriver
Command: [213860c6e0e7c6005007230cf81c5f94, findElement {using=xpath, value=/html/body/div[1]/div/div/header/div/a}]
Capabilities {acceptInsecureCerts: false, browserName: chrome, browserVersion: 121.0.6167.85, chrome: {chromedriverVersion: 121.0.6167.85 (3f98d690ad7e..., userDataDir: /tmp/.org.chromium.Chromium...}, fedcm:accounts: true, goog:chromeOptions: {debuggerAddress: localhost:40071}, networkConnectionEnabled: false, pageLoadStrategy: normal, platformName: linux, proxy: Proxy(), se:cdp: ws://localhost:40071/devtoo..., se:cdpVersion: 121.0.6167.85, setWindowRect: true, strictFileInteractability: false, timeouts: {implicit: 0, pageLoad: 300000, script: 30000}, unhandledPromptBehavior: dismiss and notify, webauthn:extension:credBlob: true, webauthn:extension:largeBlob: true, webauthn:extension:minPinLength: true, webauthn:extension:prf: true, webauthn:virtualAuthenticators: true}
Session ID: 213860c6e0e7c6005007230cf81c5f94
at java.base/jdk.internal.reflect.DirectConstructorHandleAccessor.newInstance(DirectConstructorHandleAccessor.java:62)
at java.base/java.lang.reflect.Constructor.newInstanceWithCaller(Constructor.java:502)
at java.base/java.lang.reflect.Constructor.newInstance(Constructor.java:486)
at org.openqa.selenium.remote.codec.w3c.W3CHttpResponseCodec.createException(W3CHttpResponseCodec.java:185)
at org.openqa.selenium.remote.codec.w3c.W3CHttpResponseCodec.decode(W3CHttpResponseCodec.java:134)
at org.openqa.selenium.remote.codec.w3c.W3CHttpResponseCodec.decode(W3CHttpResponseCodec.java:51)
at org.openqa.selenium.remote.HttpCommandExecutor.execute(HttpCommandExecutor.java:190)
at org.openqa.selenium.remote.service.DriverCommandExecutor.invokeExecute(DriverCommandExecutor.java:216)
at org.openqa.selenium.remote.service.DriverCommandExecutor.execute(DriverCommandExecutor.java:174)
at org.openqa.selenium.remote.RemoteWebDriver.execute(RemoteWebDriver.java:519)
at org.openqa.selenium.remote.ElementLocation$ElementFinder$2.findElement(ElementLocation.java:165)
at org.openqa.selenium.remote.ElementLocation.findElement(ElementLocation.java:59)
at org.openqa.selenium.remote.RemoteWebDriver.findElement(RemoteWebDriver.java:356)
at org.openqa.selenium.remote.RemoteWebDriver.findElement(RemoteWebDriver.java:350)
at Com.SmartCity.testcases.Basetest.logout(Basetest.java:48)
at java.base/jdk.internal.reflect.DirectMethodHandleAccessor.invoke(DirectMethodHandleAccessor.java:103)
at java.base/java.lang.reflect.Method.invoke(Method.java:580)
at org.testng.internal.invokers.MethodInvocationHelper.invokeMethod(MethodInvocationHelper.java:139)
at org.testng.internal.invokers.TestInvoker.invokeMethod(TestInvoker.java:664)
at org.testng.internal.invokers.TestInvoker.invokeTestMethod(TestInvoker.java:227)
at org.testng.internal.invokers.MethodRunner.runInSequence(MethodRunner.java:50)
at org.testng.internal.invokers.TestInvoker$MethodInvocationAgent.invoke(TestInvoker.java:957)
at org.testng.internal.invokers.TestInvoker.invokeTestMethods(TestInvoker.java:200)
at org.testng.internal.invokers.TestMethodWorker.invokeTestMethods(TestMethodWorker.java:148)
at org.testng.internal.invokers.TestMethodWorker.run(TestMethodWorker.java:128)
at java.base/java.util.ArrayList.forEach(ArrayList.java:1596)
at org.testng.TestRunner.privateRun(TestRunner.java:848)
at org.testng.TestRunner.run(TestRunner.java:621)
at org.testng.SuiteRunner.runTest(SuiteRunner.java:443)
at org.testng.SuiteRunner.runSequentially(SuiteRunner.java:437)
at org.testng.SuiteRunner.privateRun(SuiteRunner.java:397)
at org.testng.SuiteRunner.run(SuiteRunner.java:336)
at org.testng.SuiteRunnerWorker.runSuite(SuiteRunnerWorker.java:52)
at org.testng.SuiteRunnerWorker.run(SuiteRunnerWorker.java:95)
at org.testng.TestNG.runSuitesSequentially(TestNG.java:1280)
at org.testng.TestNG.runSuitesLocally(TestNG.java:1200)
at org.testng.TestNG.runSuites(TestNG.java:1114)
at org.testng.TestNG.run(TestNG.java:1082)
at org.testng.remote.AbstractRemoteTestNG.run(AbstractRemoteTestNG.java:115)
at org.testng.remote.RemoteTestNG.initAndRun(RemoteTestNG.java:251)
at org.testng.remote.RemoteTestNG.main(RemoteTestNG.java:77)
]]>
            </full-stacktrace>
          </exception> <!-- org.openqa.selenium.NoSuchElementException -->
          <reporter-output>
          </reporter-output>
        </test-method> <!-- logout -->
        <test-method signature="setup(java.lang.String)[pri:0, instance:Com.SmartCity.testcases.TC_Env1WeekreportT_008@353352b6]" started-at="2024-04-10T11:31:04 IST" name="setup" finished-at="2024-04-10T11:31:05 IST" duration-ms="505" status="PASS">
          <params>
            <param index="0">
              <value>
                <![CDATA[chrome]]>
              </value>
            </param>
          </params>
          <reporter-output>
          </reporter-output>
        </test-method> <!-- setup -->
        <test-method signature="login()[pri:1, instance:Com.SmartCity.testcases.TC_Env1WeekreportT_008@353352b6]" started-at="2024-04-10T11:31:05 IST" name="login" finished-at="2024-04-10T11:31:09 IST" duration-ms="4403" status="PASS">
          <reporter-output>
          </reporter-output>
        </test-method> <!-- login -->
        <test-method signature="selectenvBusStandsite()[pri:26, instance:Com.SmartCity.testcases.TC_Env1WeekreportT_008@353352b6]" started-at="2024-04-10T11:31:09 IST" name="selectenvBusStandsite" finished-at="2024-04-10T11:31:30 IST" duration-ms="20583" status="PASS">
          <reporter-output>
          </reporter-output>
        </test-method> <!-- selectenvBusStandsite -->
        <test-method signature="BusStandsite1Wreport()[pri:27, instance:Com.SmartCity.testcases.TC_Env1WeekreportT_008@353352b6]" started-at="2024-04-10T11:31:30 IST" name="BusStandsite1Wreport" finished-at="2024-04-10T11:31:36 IST" duration-ms="6003" status="PASS">
          <reporter-output>
          </reporter-output>
        </test-method> <!-- BusStandsite1Wreport -->
        <test-method signature="selectenvCollectorOfficesite()[pri:28, instance:Com.SmartCity.testcases.TC_Env1WeekreportT_008@353352b6]" started-at="2024-04-10T11:31:36 IST" name="selectenvCollectorOfficesite" finished-at="2024-04-10T11:31:46 IST" duration-ms="10283" status="PASS">
          <reporter-output>
          </reporter-output>
        </test-method> <!-- selectenvCollectorOfficesite -->
        <test-method signature="CollectorOfficesitesite1Wreport()[pri:29, instance:Com.SmartCity.testcases.TC_Env1WeekreportT_008@353352b6]" started-at="2024-04-10T11:31:46 IST" name="CollectorOfficesitesite1Wreport" finished-at="2024-04-10T11:31:52 IST" duration-ms="5596" status="PASS">
          <reporter-output>
          </reporter-output>
        </test-method> <!-- CollectorOfficesitesite1Wreport -->
        <test-method is-config="true" signature="logout()[pri:0, instance:Com.SmartCity.testcases.TC_Env1WeekreportT_008@353352b6]" started-at="2024-04-10T11:31:52 IST" name="logout" finished-at="2024-04-10T11:32:02 IST" duration-ms="10329" status="FAIL">
          <exception class="org.openqa.selenium.NoSuchSessionException">
            <message>
              <![CDATA[Session ID is null. Using WebDriver after calling quit()?
Build info: version: '4.17.0', revision: 'e52b1be057*'
System info: os.name: 'Linux', os.arch: 'amd64', os.version: '6.5.0-26-generic', java.version: '21.0.1'
Driver info: org.openqa.selenium.chrome.ChromeDriver
Command: [null, close {}]
Capabilities {acceptInsecureCerts: false, browserName: chrome, browserVersion: 121.0.6167.85, chrome: {chromedriverVersion: 121.0.6167.85 (3f98d690ad7e..., userDataDir: /tmp/.org.chromium.Chromium...}, fedcm:accounts: true, goog:chromeOptions: {debuggerAddress: localhost:42421}, networkConnectionEnabled: false, pageLoadStrategy: normal, platformName: linux, proxy: Proxy(), se:cdp: ws://localhost:42421/devtoo..., se:cdpVersion: 121.0.6167.85, setWindowRect: true, strictFileInteractability: false, timeouts: {implicit: 0, pageLoad: 300000, script: 30000}, unhandledPromptBehavior: dismiss and notify, webauthn:extension:credBlob: true, webauthn:extension:largeBlob: true, webauthn:extension:minPinLength: true, webauthn:extension:prf: true, webauthn:virtualAuthenticators: true}]]>
            </message>
            <full-stacktrace>
              <![CDATA[org.openqa.selenium.NoSuchSessionException: Session ID is null. Using WebDriver after calling quit()?
Build info: version: '4.17.0', revision: 'e52b1be057*'
System info: os.name: 'Linux', os.arch: 'amd64', os.version: '6.5.0-26-generic', java.version: '21.0.1'
Driver info: org.openqa.selenium.chrome.ChromeDriver
Command: [null, close {}]
Capabilities {acceptInsecureCerts: false, browserName: chrome, browserVersion: 121.0.6167.85, chrome: {chromedriverVersion: 121.0.6167.85 (3f98d690ad7e..., userDataDir: /tmp/.org.chromium.Chromium...}, fedcm:accounts: true, goog:chromeOptions: {debuggerAddress: localhost:42421}, networkConnectionEnabled: false, pageLoadStrategy: normal, platformName: linux, proxy: Proxy(), se:cdp: ws://localhost:42421/devtoo..., se:cdpVersion: 121.0.6167.85, setWindowRect: true, strictFileInteractability: false, timeouts: {implicit: 0, pageLoad: 300000, script: 30000}, unhandledPromptBehavior: dismiss and notify, webauthn:extension:credBlob: true, webauthn:extension:largeBlob: true, webauthn:extension:minPinLength: true, webauthn:extension:prf: true, webauthn:virtualAuthenticators: true}
at org.openqa.selenium.remote.HttpCommandExecutor.execute(HttpCommandExecutor.java:151)
at org.openqa.selenium.remote.service.DriverCommandExecutor.invokeExecute(DriverCommandExecutor.java:216)
at org.openqa.selenium.remote.service.DriverCommandExecutor.execute(DriverCommandExecutor.java:174)
at org.openqa.selenium.remote.RemoteWebDriver.execute(RemoteWebDriver.java:519)
at org.openqa.selenium.remote.RemoteWebDriver.execute(RemoteWebDriver.java:592)
at org.openqa.selenium.remote.RemoteWebDriver.execute(RemoteWebDriver.java:596)
at org.openqa.selenium.remote.RemoteWebDriver.close(RemoteWebDriver.java:406)
at Com.SmartCity.testcases.Basetest.logout(Basetest.java:56)
at java.base/jdk.internal.reflect.DirectMethodHandleAccessor.invoke(DirectMethodHandleAccessor.java:103)
at java.base/java.lang.reflect.Method.invoke(Method.java:580)
at org.testng.internal.invokers.MethodInvocationHelper.invokeMethod(MethodInvocationHelper.java:139)
at org.testng.internal.invokers.MethodInvocationHelper.invokeMethodConsideringTimeout(MethodInvocationHelper.java:69)
at org.testng.internal.invokers.ConfigInvoker.invokeConfigurationMethod(ConfigInvoker.java:390)
at org.testng.internal.invokers.ConfigInvoker.invokeConfigurations(ConfigInvoker.java:325)
at org.testng.internal.invokers.TestMethodWorker.invokeAfterClassConfigurations(TestMethodWorker.java:229)
at org.testng.internal.invokers.TestMethodWorker.invokeAfterClassMethods(TestMethodWorker.java:215)
at org.testng.internal.invokers.TestMethodWorker.run(TestMethodWorker.java:131)
at java.base/java.util.ArrayList.forEach(ArrayList.java:1596)
at org.testng.TestRunner.privateRun(TestRunner.java:848)
at org.testng.TestRunner.run(TestRunner.java:621)
at org.testng.SuiteRunner.runTest(SuiteRunner.java:443)
at org.testng.SuiteRunner.runSequentially(SuiteRunner.java:437)
at org.testng.SuiteRunner.privateRun(SuiteRunner.java:397)
at org.testng.SuiteRunner.run(SuiteRunner.java:336)
at org.testng.SuiteRunnerWorker.runSuite(SuiteRunnerWorker.java:52)
at org.testng.SuiteRunnerWorker.run(SuiteRunnerWorker.java:95)
at org.testng.TestNG.runSuitesSequentially(TestNG.java:1280)
at org.testng.TestNG.runSuitesLocally(TestNG.java:1200)
at org.testng.TestNG.runSuites(TestNG.java:1114)
at org.testng.TestNG.run(TestNG.java:1082)
at org.testng.remote.AbstractRemoteTestNG.run(AbstractRemoteTestNG.java:115)
at org.testng.remote.RemoteTestNG.initAndRun(RemoteTestNG.java:251)
at org.testng.remote.RemoteTestNG.main(RemoteTestNG.java:77)
]]>
            </full-stacktrace>
          </exception> <!-- org.openqa.selenium.NoSuchSessionException -->
          <reporter-output>
          </reporter-output>
        </test-method> <!-- logout -->
      </class> <!-- Com.SmartCity.testcases.TC_Env1WeekreportT_008 -->
    </test> <!-- Default test -->
  </suite> <!-- Default suite -->
</testng-results>
